<?xml version="1.0" encoding="UTF-8"?>
<!-- Generated by org.testng.reporters.JUnitReportReporter -->
<testsuite hostname="DESKTOP-QLRD8KC" failures="0" tests="5" name="TestCases.LoginTest" time="7.467" errors="0" timestamp="2021-05-27T22:52:56 EEST" skipped="0">
  <testcase classname="TestCases.LoginTest" name="infoTest" time="7.241"/>
  <system-out/>
  <testcase classname="TestCases.LoginTest" name="titleTest" time="0.009"/>
  <system-out/>
  <testcase classname="TestCases.LoginTest" name="urlTest" time="0.008"/>
  <system-out/>
  <testcase classname="TestCases.LoginTest" name="logoTest" time="0.055"/>
  <system-out/>
  <testcase classname="TestCases.LoginTest" name="formTest" time="0.154"/>
  <system-out/>
</testsuite> <!-- TestCases.LoginTest -->
